0 info it worked if it ends with ok
1 verbose cli [ 'C:\\Program Files\\nodejs\\node.exe',
1 verbose cli   'C:\\Program Files\\nodejs\\node_modules\\npm\\bin\\npm-cli.js',
1 verbose cli   'start' ]
2 info using npm@3.10.10
3 info using node@v6.10.3
4 verbose run-script [ 'prestart', 'start', 'poststart' ]
5 info lifecycle todo_app_test@1.0.0~prestart: todo_app_test@1.0.0
6 silly lifecycle todo_app_test@1.0.0~prestart: no script for prestart, continuing
7 info lifecycle todo_app_test@1.0.0~start: todo_app_test@1.0.0
8 verbose lifecycle todo_app_test@1.0.0~start: unsafe-perm in lifecycle true
9 verbose lifecycle todo_app_test@1.0.0~start: PATH: C:\Program Files\nodejs\node_modules\npm\bin\node-gyp-bin;C:\apps\active\testing\jasmine_00\node_modules\.bin;C:\ProgramData\Oracle\Java\javapath;C:\WINDOWS\system32;C:\WINDOWS;C:\WINDOWS\System32\Wbem;C:\WINDOWS\System32\WindowsPowerShell\v1.0\;C:\Program Files\PuTTY\;C:\Program Files (x86)\scala\bin;C:\Program Files (x86)\sbt\bin;C:\Program Files\nodejs\;C:\ProgramData\ComposerSetup\bin;C:\Program Files\Git\cmd;C:\Program Files\Microsoft SQL Server\130\Tools\Binn\;C:\Program Files\dotnet\;C:\apps\active\vml\ppt_archive_script\bin;;C:\Program Files (x86)\WinSCP\;C:\Ruby23-x64\bin;C:\Users\a\AppData\Local\Programs\Python\Python36-32\Scripts\;C:\Users\a\AppData\Local\Programs\Python\Python36-32\;C:\Users\a\AppData\Local\Microsoft\WindowsApps;C:\Program Files\Java\jdk1.8.0_131\bin;C:\Program Files\Git\bin;C:\Users\a\AppData\Local\atom\bin;C:\Program Files\Oracle\VirtualBox;C:\Users\a\AppData\Local\Programs\Python\Python36-32;C:\Users\a\AppData\Local\Programs\Python\Python36-32\Scripts;C:\Users\a\AppData\Roaming\npm;C:\sqlite;C:\Program Files (x86)\Microsoft VS Code\bin;C:\xampp\php;C:\xampp\mysql\bin;C:\Users\a\AppData\Roaming\Composer\vendor\bin;C:\Program Files\Heroku\bin;C:\Program Files\PostgreSQL\9.6\bin;C:\Program Files\MongoDB\Server\3.4\bin;C:\Program Files\Git;C:\Users\a\AppData\Local\Microsoft\WindowsApps;C:\Users\a\bin\Sencha\Cmd\6.5.1.240
10 verbose lifecycle todo_app_test@1.0.0~start: CWD: C:\apps\active\testing\jasmine_00
11 silly lifecycle todo_app_test@1.0.0~start: Args: [ '/d /s /c', 'node index.js' ]
12 verbose stack Error: kill ENOSYS
12 verbose stack     at exports._errnoException (util.js:1018:11)
12 verbose stack     at process.kill (internal/process.js:190:13)
12 verbose stack     at process.listener (C:\Program Files\nodejs\node_modules\npm\node_modules\npmlog\node_modules\gauge\node_modules\signal-exit\index.js:86:15)
12 verbose stack     at emitNone (events.js:91:20)
12 verbose stack     at process.emit (events.js:185:7)
12 verbose stack     at processEmit (C:\Program Files\nodejs\node_modules\npm\node_modules\npmlog\node_modules\gauge\node_modules\signal-exit\index.js:146:32)
12 verbose stack     at processEmit (C:\Program Files\nodejs\node_modules\npm\node_modules\npm-registry-client\node_modules\npmlog\node_modules\gauge\node_modules\signal-exit\index.js:146:32)
12 verbose stack     at Signal.wrap.onsignal (internal/process.js:217:44)
13 verbose cwd C:\apps\active\testing\jasmine_00
14 error Windows_NT 10.0.15063
15 error argv "C:\\Program Files\\nodejs\\node.exe" "C:\\Program Files\\nodejs\\node_modules\\npm\\bin\\npm-cli.js" "start"
16 error node v6.10.3
17 error npm  v3.10.10
18 error code ENOSYS
19 error errno ENOSYS
20 error syscall kill
21 error kill ENOSYS
22 error If you need help, you may report this error at:
22 error     <https://github.com/npm/npm/issues>
23 verbose exit [ 1, true ]
